<VAST version="4.0" xmlns:xs="http://www.w3.org/2001/XMLSchema" xmlns="http://www.iab.com/VAST">
  <Ad id="20001" sequence="1">
    <InLine>
      <AdSystem version="4.0">test</AdSystem>
      <AdTitle>Inline Simple Ad</AdTitle>
      <Error>http://example.com/error</Error>
      <Impression>http://example.com/track/impression</Impression>
      <Advertiser>test</Advertiser>
      <Category/>
      <Creatives>
        <Creative id="5480" sequence="1" adId="2447226">
          <UniversalAdId idRegistry="unknown" idValue="unknown">1000</UniversalAdId>
          <Linear>
            <Duration>00:00:30</Duration>
            <MediaFiles>
              <MediaFile id="5241" delivery="progressive" type="video/mp4" width="1280" height="720" scalable="1">
                <![CDATA[]]>
              </MediaFile>
              <Mezzanine>
                <![CDATA[]]>
              </Mezzanine>
            </MediaFiles>
          </Linear>
        </Creative>
      </Creatives>
    </InLine>
  </Ad>
</VAST>